<?xml version="1.0" encoding="UTF-8"?>
<testng-results ignored="0" total="1" passed="1" failed="0" skipped="0">
  <reporter-output>
  </reporter-output>
  <suite started-at="2025-03-17T00:02:54Z" name="Default suite" finished-at="2025-03-17T00:02:58Z" duration-ms="3638">
    <groups>
    </groups>
    <test started-at="2025-03-17T00:02:54Z" name="Default test" finished-at="2025-03-17T00:02:58Z" duration-ms="3638">
      <class name="lambdaDemo.LaunchBrowser">
        <test-method signature="myTest()[pri:0, instance:lambdaDemo.LaunchBrowser@1caa0244]" started-at="2025-03-17T00:02:54Z" name="myTest" finished-at="2025-03-17T00:02:58Z" duration-ms="3623" status="PASS">
          <reporter-output>
          </reporter-output>
        </test-method> <!-- myTest -->
      </class> <!-- lambdaDemo.LaunchBrowser -->
    </test> <!-- Default test -->
  </suite> <!-- Default suite -->
</testng-results>
