<?xml version="1.0" encoding="UTF-8"?>
<testng-results ignored="0" total="1" passed="1" failed="0" skipped="0">
  <reporter-output>
  </reporter-output>
  <suite started-at="2025-03-17T23:46:18Z" name="Default suite" finished-at="2025-03-17T23:46:50Z" duration-ms="32358">
    <groups>
    </groups>
    <test started-at="2025-03-17T23:46:18Z" name="Default test" finished-at="2025-03-17T23:46:50Z" duration-ms="32358">
      <class name="lambdaDemo.LaunchBrowser">
        <test-method is-config="true" signature="setUp()[pri:0, instance:lambdaDemo.LaunchBrowser@24569dba]" started-at="2025-03-17T23:46:18Z" name="setUp" finished-at="2025-03-17T23:46:42Z" duration-ms="23789" status="PASS">
          <reporter-output>
          </reporter-output>
        </test-method> <!-- setUp -->
        <test-method signature="myTest()[pri:0, instance:lambdaDemo.LaunchBrowser@24569dba]" started-at="2025-03-17T23:46:42Z" name="myTest" finished-at="2025-03-17T23:46:50Z" duration-ms="7676" status="PASS">
          <reporter-output>
          </reporter-output>
        </test-method> <!-- myTest -->
        <test-method is-config="true" signature="tearDown()[pri:0, instance:lambdaDemo.LaunchBrowser@24569dba]" started-at="2025-03-17T23:46:50Z" name="tearDown" finished-at="2025-03-17T23:46:50Z" duration-ms="880" status="PASS">
          <reporter-output>
          </reporter-output>
        </test-method> <!-- tearDown -->
      </class> <!-- lambdaDemo.LaunchBrowser -->
    </test> <!-- Default test -->
  </suite> <!-- Default suite -->
</testng-results>
